MONAI version: 1.1.dev2241
Numpy version: 1.23.3
Pytorch version: 1.14.0.dev20221012+cu117
MONAI flags: HAS_EXT = False, USE_COMPILED = False, USE_META_DICT = False
MONAI rev id: 3aec844d8fb56a9a9be2c945ae581e59edd0c8f7
MONAI __file__: /home/sedm6251/.local/lib/python3.8/site-packages/monai/__init__.py

Optional dependencies:
Pytorch Ignite version: NOT INSTALLED or UNKNOWN VERSION.
Nibabel version: 4.0.2
scikit-image version: NOT INSTALLED or UNKNOWN VERSION.
Pillow version: 7.0.0
Tensorboard version: 2.10.1
gdown version: 4.5.1
TorchVision version: 0.15.0.dev20221012+cu117
tqdm version: 4.64.1
lmdb version: NOT INSTALLED or UNKNOWN VERSION.
psutil version: 5.9.2
pandas version: 1.5.1
einops version: NOT INSTALLED or UNKNOWN VERSION.
transformers version: NOT INSTALLED or UNKNOWN VERSION.
mlflow version: NOT INSTALLED or UNKNOWN VERSION.
pynrrd version: NOT INSTALLED or UNKNOWN VERSION.

For details about installing the optional dependencies, please visit:
    https://docs.monai.io/en/latest/installation.html#installing-the-recommended-dependencies

original_setup.py
USING BRAINMASK NORMED
determinism seed = 0
lr lower lim:  1e-05
lr:  0.001
Workers:  3
Batch size:  3
2 channel seg:  0
Augment modalities?:  False
RANDOMLY DROP?  True
CROPPING RANDOMLY
Total modalities:  ['FLAIR', 'T1', 'T1c', 'T2']
BRATS channel map:  [0, 1, 2, 3]
ATLAS channel map:  [1]
MSSEG channel map:  [0, 1, 2, 3]
ISLES channel map:  [0, 1, 3]
TBI channel map:  [0, 1, 3]
WMH channel map:  [0, 1]
Training BRATS
/home/shared_space/data/BRATS_Decathlon_2016_17/BRATS_merged_labels_inc_edema
Running on GPU:1
Running for epochs:1000
Layers: 16,32,64,128,256
Dropout: 0.2
TRAINING WITH UNET
THEORY UNET INIT
Dropout:  0.2
Using avg pool residual path with concat on overlap with convolution path
Using avg pool residual path with concat on overlap with convolution path
Using avg pool residual path with concat on overlap with convolution path
Using avg pool residual path with concat on overlap with convolution path
Using avg pool residual path with concat on overlap with convolution path
in_channels= 4
batch size =  3
----------
epoch 1/1000
1/148, train_loss: 0.9401
2/148, train_loss: 0.9563
3/148, train_loss: 0.8911
4/148, train_loss: 0.8412
5/148, train_loss: 0.9028
6/148, train_loss: 0.9189
7/148, train_loss: 0.9089
8/148, train_loss: 0.9358
9/148, train_loss: 0.8652
10/148, train_loss: 0.9983
11/148, train_loss: 0.9085
12/148, train_loss: 0.8780
13/148, train_loss: 0.7527
14/148, train_loss: 0.7981
15/148, train_loss: 0.7458
16/148, train_loss: 0.7150
17/148, train_loss: 0.9047
18/148, train_loss: 0.7691
19/148, train_loss: 0.8299
20/148, train_loss: 0.7049
21/148, train_loss: 0.8070
22/148, train_loss: 0.9700
23/148, train_loss: 0.8185
24/148, train_loss: 0.7094
25/148, train_loss: 0.6904
26/148, train_loss: 0.7898
27/148, train_loss: 0.7548
28/148, train_loss: 0.9579
29/148, train_loss: 0.7031
30/148, train_loss: 0.2601
31/148, train_loss: 0.6790
32/148, train_loss: 0.6029
33/148, train_loss: 0.4440
34/148, train_loss: 0.8187
35/148, train_loss: 0.8380
36/148, train_loss: 0.7918
37/148, train_loss: 0.6014
38/148, train_loss: 0.9721
39/148, train_loss: 0.9859
40/148, train_loss: 0.5905
41/148, train_loss: 0.4517
42/148, train_loss: 0.6327
43/148, train_loss: 0.2722
44/148, train_loss: 0.4645
45/148, train_loss: 0.7659
Traceback (most recent call last):
  File "train_multiple.py", line 575, in <module>
    for batch_data in zip(*train_loaders):
  File "/home/sedm6251/.local/lib/python3.8/site-packages/torch/utils/data/dataloader.py", line 628, in __next__
    data = self._next_data()
  File "/home/sedm6251/.local/lib/python3.8/site-packages/torch/utils/data/dataloader.py", line 1316, in _next_data
    idx, data = self._get_data()
  File "/home/sedm6251/.local/lib/python3.8/site-packages/torch/utils/data/dataloader.py", line 1282, in _get_data
    success, data = self._try_get_data()
  File "/home/sedm6251/.local/lib/python3.8/site-packages/torch/utils/data/dataloader.py", line 1120, in _try_get_data
    data = self._data_queue.get(timeout=timeout)
  File "/usr/lib/python3.8/multiprocessing/queues.py", line 107, in get
    if not self._poll(timeout):
  File "/usr/lib/python3.8/multiprocessing/connection.py", line 257, in poll
    return self._poll(timeout)
  File "/usr/lib/python3.8/multiprocessing/connection.py", line 424, in _poll
    r = wait([self], timeout)
  File "/usr/lib/python3.8/multiprocessing/connection.py", line 931, in wait
    ready = selector.select(timeout)
  File "/usr/lib/python3.8/selectors.py", line 415, in select
    fd_event_list = self._selector.poll(timeout)
KeyboardInterrupt
MONAI version: 1.1.dev2241
Numpy version: 1.23.3
Pytorch version: 1.14.0.dev20221012+cu117
MONAI flags: HAS_EXT = False, USE_COMPILED = False, USE_META_DICT = False
MONAI rev id: 3aec844d8fb56a9a9be2c945ae581e59edd0c8f7
MONAI __file__: /home/sedm6251/.local/lib/python3.8/site-packages/monai/__init__.py

Optional dependencies:
Pytorch Ignite version: NOT INSTALLED or UNKNOWN VERSION.
Nibabel version: 4.0.2
scikit-image version: NOT INSTALLED or UNKNOWN VERSION.
Pillow version: 7.0.0
Tensorboard version: 2.10.1
gdown version: 4.5.1
TorchVision version: 0.15.0.dev20221012+cu117
tqdm version: 4.64.1
lmdb version: NOT INSTALLED or UNKNOWN VERSION.
psutil version: 5.9.2
pandas version: 1.5.1
einops version: NOT INSTALLED or UNKNOWN VERSION.
transformers version: NOT INSTALLED or UNKNOWN VERSION.
mlflow version: NOT INSTALLED or UNKNOWN VERSION.
pynrrd version: NOT INSTALLED or UNKNOWN VERSION.

For details about installing the optional dependencies, please visit:
    https://docs.monai.io/en/latest/installation.html#installing-the-recommended-dependencies

original_setup.py
USING BRAINMASK NORMED
determinism seed = 0
lr lower lim:  1e-05
lr:  0.001
Workers:  1
Batch size:  3
2 channel seg:  0
Augment modalities?:  False
RANDOMLY DROP?  True
CROPPING RANDOMLY
Total modalities:  ['FLAIR', 'T1', 'T1c', 'T2']
BRATS channel map:  [0, 1, 2, 3]
ATLAS channel map:  [1]
MSSEG channel map:  [0, 1, 2, 3]
ISLES channel map:  [0, 1, 3]
TBI channel map:  [0, 1, 3]
WMH channel map:  [0, 1]
Training BRATS
/home/shared_space/data/BRATS_Decathlon_2016_17/BRATS_merged_labels_inc_edema
Running on GPU:1
Running for epochs:1000
Layers: 16,32,64,128,256
Dropout: 0.2
TRAINING WITH UNET
THEORY UNET INIT
Dropout:  0.2
Using avg pool residual path with concat on overlap with convolution path
Using avg pool residual path with concat on overlap with convolution path
Using avg pool residual path with concat on overlap with convolution path
Using avg pool residual path with concat on overlap with convolution path
Using avg pool residual path with concat on overlap with convolution path
in_channels= 4
batch size =  3
----------
epoch 1/1000
1/148, train_loss: 0.9401
2/148, train_loss: 0.9546
3/148, train_loss: 0.9044
4/148, train_loss: 0.9286
5/148, train_loss: 0.9681
6/148, train_loss: 0.9096
7/148, train_loss: 0.9048
8/148, train_loss: 0.9220
9/148, train_loss: 0.8788
10/148, train_loss: 0.9864
11/148, train_loss: 0.9751
12/148, train_loss: 0.8728
13/148, train_loss: 0.8000
14/148, train_loss: 0.8178
15/148, train_loss: 0.7954
16/148, train_loss: 0.6457
17/148, train_loss: 0.8039
18/148, train_loss: 0.6732
19/148, train_loss: 0.8015
20/148, train_loss: 0.7682
21/148, train_loss: 0.8319
22/148, train_loss: 0.9891
23/148, train_loss: 0.6872
24/148, train_loss: 0.8335
25/148, train_loss: 0.4561
26/148, train_loss: 0.6581
27/148, train_loss: 0.6882
28/148, train_loss: 0.9752
29/148, train_loss: 0.5025
30/148, train_loss: 0.4684
31/148, train_loss: 0.7185
32/148, train_loss: 0.5686
33/148, train_loss: 0.6144
34/148, train_loss: 0.4375
35/148, train_loss: 0.8129
36/148, train_loss: 0.5097
37/148, train_loss: 0.5331
38/148, train_loss: 0.9899
39/148, train_loss: 0.8618
40/148, train_loss: 0.8811
41/148, train_loss: 0.6409
42/148, train_loss: 0.5850
43/148, train_loss: 0.2387
44/148, train_loss: 0.4404
45/148, train_loss: 0.8911
46/148, train_loss: 0.3660
47/148, train_loss: 0.9280
48/148, train_loss: 0.4156
49/148, train_loss: 0.3603
50/148, train_loss: 0.9604
51/148, train_loss: 0.5519
52/148, train_loss: 0.4347
53/148, train_loss: 0.7266
54/148, train_loss: 0.5875
55/148, train_loss: 0.4797
56/148, train_loss: 0.4769
57/148, train_loss: 0.9138
58/148, train_loss: 0.4778
59/148, train_loss: 0.4263
60/148, train_loss: 0.6916
61/148, train_loss: 0.6994
62/148, train_loss: 0.5184
63/148, train_loss: 0.8816
64/148, train_loss: 0.5341
65/148, train_loss: 0.9507
66/148, train_loss: 0.4590
67/148, train_loss: 0.5698
68/148, train_loss: 0.3551
69/148, train_loss: 0.6725
70/148, train_loss: 0.4228
71/148, train_loss: 0.3387
72/148, train_loss: 0.4258
73/148, train_loss: 0.7553
74/148, train_loss: 0.1256
75/148, train_loss: 0.3374
76/148, train_loss: 0.4849
77/148, train_loss: 0.8652
Traceback (most recent call last):
  File "train_multiple.py", line 809, in <module>
    loss.backward()
  File "/home/sedm6251/.local/lib/python3.8/site-packages/torch/_tensor.py", line 474, in backward
    return handle_torch_function(
  File "/home/sedm6251/.local/lib/python3.8/site-packages/torch/overrides.py", line 1533, in handle_torch_function
    result = torch_func_method(public_api, types, args, kwargs)
  File "/home/sedm6251/.local/lib/python3.8/site-packages/monai/data/meta_tensor.py", line 249, in __torch_function__
    ret = super().__torch_function__(func, types, args, kwargs)
  File "/home/sedm6251/.local/lib/python3.8/site-packages/torch/_tensor.py", line 1274, in __torch_function__
    ret = func(*args, **kwargs)
  File "/home/sedm6251/.local/lib/python3.8/site-packages/torch/_tensor.py", line 483, in backward
    torch.autograd.backward(
  File "/home/sedm6251/.local/lib/python3.8/site-packages/torch/autograd/__init__.py", line 197, in backward
    Variable._execution_engine.run_backward(  # Calls into the C++ engine to run the backward pass
KeyboardInterrupt
